Lab7_BroadcastReceivers/app/build/intermediates/manifest_merge_blame_file/debug/manifest-merger-blame-debug-report.txt
1<?xml version="1.0" encoding="utf-8"?>
2<manifest xmlns:android="http://schemas.android.com/apk/res/android"
3    package="course.labs.broadcastreceiverslab" >
4
5    <uses-sdk
6        android:minSdkVersion="26"
6-->src\main\AndroidManifest.xml
7        android:targetSdkVersion="32" />
7-->src\main\AndroidManifest.xml
8
9    <application
9-->src\main\AndroidManifest.xml:5:5-19:19
10        android:appComponentFactory="androidx.core.app.CoreComponentFactory"
10-->[androidx.core:core:1.7.0] AndroidManifest.xml:24:18-86
11        android:debuggable="true"
12        android:extractNativeLibs="false"
13        android:icon="@mipmap/ic_launcher"
13-->src\main\AndroidManifest.xml:6:9-43
14        android:label="@string/app_name"
14-->src\main\AndroidManifest.xml:7:9-41
15        android:testOnly="true"
16        android:theme="@style/Theme.App" >
16-->src\main\AndroidManifest.xml:8:9-41
17        <activity
17-->src\main\AndroidManifest.xml:9:9-17:20
18            android:name="course.labs.broadcastreceiverslab.MainActivity"
18-->src\main\AndroidManifest.xml:10:13-41
19            android:exported="true" >
19-->src\main\AndroidManifest.xml:11:13-36
20            <intent-filter>
20-->src\main\AndroidManifest.xml:12:13-16:29
21                <action android:name="android.intent.action.MAIN" />
21-->src\main\AndroidManifest.xml:13:17-69
21-->src\main\AndroidManifest.xml:13:25-66
22
23                <category android:name="android.intent.category.LAUNCHER" />
23-->src\main\AndroidManifest.xml:15:17-77
23-->src\main\AndroidManifest.xml:15:27-74
24            </intent-filter>
25        </activity>
26
27        <provider
27-->[androidx.emoji2:emoji2:1.0.0] AndroidManifest.xml:26:9-34:20
28            android:name="androidx.startup.InitializationProvider"
28-->[androidx.emoji2:emoji2:1.0.0] AndroidManifest.xml:27:13-67
29            android:authorities="course.labs.broadcastreceiverslab.androidx-startup"
29-->[androidx.emoji2:emoji2:1.0.0] AndroidManifest.xml:28:13-68
30            android:exported="false" >
30-->[androidx.emoji2:emoji2:1.0.0] AndroidManifest.xml:29:13-37
31            <meta-data
31-->[androidx.emoji2:emoji2:1.0.0] AndroidManifest.xml:31:13-33:52
32                android:name="androidx.emoji2.text.EmojiCompatInitializer"
32-->[androidx.emoji2:emoji2:1.0.0] AndroidManifest.xml:32:17-75
33                android:value="androidx.startup" />
33-->[androidx.emoji2:emoji2:1.0.0] AndroidManifest.xml:33:17-49
34            <meta-data
34-->[androidx.lifecycle:lifecycle-process:2.4.0] AndroidManifest.xml:31:13-33:52
35                android:name="androidx.lifecycle.ProcessLifecycleInitializer"
35-->[androidx.lifecycle:lifecycle-process:2.4.0] AndroidManifest.xml:32:17-78
36                android:value="androidx.startup" />
36-->[androidx.lifecycle:lifecycle-process:2.4.0] AndroidManifest.xml:33:17-49
37        </provider>
38    </application>
39
40</manifest>